<?xml version="1.0" encoding="UTF-8"?>
<!-- Generated by org.testng.reporters.JUnitReportReporter -->
<testsuite hostname="ATMECSINDT-064" name="com.atmecs.restful.testrunner.Controller" tests="1" failures="0" timestamp="27 Aug 2014 15:01:02 GMT" time="2.349" errors="0">
  <testcase name="test" time="2.349" classname="com.atmecs.restful.testrunner.Controller"/>
</testsuite> <!-- com.atmecs.restful.testrunner.Controller -->
