<?xml version="1.0" encoding="UTF-8"?>
<!-- Generated by org.testng.reporters.JUnitReportReporter -->
<testsuite hostname="ATMECSINDT-064" name="com.atmecs.restful.executor.Controller" tests="2" failures="0" timestamp="5 Sep 2014 12:15:17 GMT" time="4.160" errors="0">
  <testcase name="test" time="2.137" classname="com.atmecs.restful.executor.Controller"/>
  <testcase name="test" time="2.023" classname="com.atmecs.restful.executor.Controller"/>
</testsuite> <!-- com.atmecs.restful.executor.Controller -->
