<?xml version="1.0" encoding="UTF-8"?>
<!-- Generated by org.testng.reporters.JUnitReportReporter -->
<testsuite hostname="ATMECSINDT-064" name="org.atmecs.restfulservices.atmecs_restfulservices.App" tests="1" failures="0" timestamp="26 Aug 2014 14:57:04 GMT" time="2.033" errors="0">
  <testcase name="testcase" time="2.033" classname="org.atmecs.restfulservices.atmecs_restfulservices.App"/>
</testsuite> <!-- org.atmecs.restfulservices.atmecs_restfulservices.App -->
