<?xml version="1.0" encoding="UTF-8"?>
<!-- Generated by org.testng.reporters.JUnitReportReporter -->
<testsuite hostname="ATMECSINDT-064" name="org.atmecs.restfulservices.sample.App" tests="1" failures="0" timestamp="28 Aug 2014 16:32:47 GMT" time="0.009" errors="0">
  <testcase name="testcase" time="0.009" classname="org.atmecs.restfulservices.sample.App"/>
</testsuite> <!-- org.atmecs.restfulservices.sample.App -->
